<?xml version="1.0" encoding="UTF-8"?>
<testng-results skipped="0" failed="0" ignored="0" total="1" passed="1">
  <reporter-output>
  </reporter-output>
  <suite name="Suite" duration-ms="19139" started-at="2019-09-02T09:16:53Z" finished-at="2019-09-02T09:17:13Z">
    <groups>
      <group name="cucumber">
        <method signature="AbstractTestNGCucumberTests.feature(cucumber.api.testng.CucumberFeatureWrapper)[pri:0, instance:TestRunner.RunTest@5622fdf]" name="feature" class="cucumber.api.testng.AbstractTestNGCucumberTests"/>
      </group> <!-- cucumber -->
    </groups>
    <test name="Test" duration-ms="19139" started-at="2019-09-02T09:16:53Z" finished-at="2019-09-02T09:17:13Z">
      <class name="TestRunner.RunTest">
        <test-method status="PASS" signature="setUpClass()[pri:0, instance:TestRunner.RunTest@5622fdf]" name="setUpClass" is-config="true" duration-ms="109" started-at="2019-09-02T14:46:53Z" finished-at="2019-09-02T14:46:53Z">
          <reporter-output>
          </reporter-output>
        </test-method> <!-- setUpClass -->
        <test-method status="PASS" signature="feature(cucumber.api.testng.CucumberFeatureWrapper)[pri:0, instance:TestRunner.RunTest@5622fdf]" name="feature" duration-ms="18980" started-at="2019-09-02T14:46:54Z" description="Runs Cucumber Feature" data-provider="features" finished-at="2019-09-02T14:47:13Z">
          <params>
            <param index="0">
              <value>
                <![CDATA[DiscoveryGo]]>
              </value>
            </param>
          </params>
          <reporter-output>
          </reporter-output>
        </test-method> <!-- feature -->
        <test-method status="PASS" signature="tearDownClass()[pri:0, instance:TestRunner.RunTest@5622fdf]" name="tearDownClass" is-config="true" duration-ms="3" started-at="2019-09-02T14:47:13Z" finished-at="2019-09-02T14:47:13Z">
          <reporter-output>
          </reporter-output>
        </test-method> <!-- tearDownClass -->
      </class> <!-- TestRunner.RunTest -->
    </test> <!-- Test -->
  </suite> <!-- Suite -->
</testng-results>
